===== Docker Build for n8n =====
INFO: Image: tha0905les/viperchat:n8n1.2
INFO: Platform: linux/arm64
-----------------------------------------------
(node:36696) Warning: The 'NO_COLOR' env is ignored due to the 'FORCE_COLOR' env being set.
(Use `node --trace-warnings ...` to show where the warning was created)
INFO: Building Docker image using docker...
#0 building with "desktop-linux" instance using docker driver

#1 [internal] load build definition from Dockerfile
#1 transferring dockerfile: 3.29kB done
#1 DONE 0.0s

#2 [internal] load metadata for docker.io/library/alpine:3.22.2
#2 ...

#3 [auth] n8nio/base:pull token for registry-1.docker.io
#3 DONE 0.0s

#4 [auth] library/alpine:pull token for registry-1.docker.io
#4 DONE 0.0s

#5 [internal] load metadata for docker.io/n8nio/base:22.21.0
#5 DONE 2.2s

#2 [internal] load metadata for docker.io/library/alpine:3.22.2
#2 DONE 2.3s

#6 [internal] load .dockerignore
#6 transferring context: 418B done
#6 DONE 0.0s

#7 [launcher-downloader 1/2] FROM docker.io/library/alpine:3.22.2@sha256:4b7ce07002c69e8f3d704a9c5d6fd3053be500b7f1c69fc0d80990c2ad8dd412
#7 resolve docker.io/library/alpine:3.22.2@sha256:4b7ce07002c69e8f3d704a9c5d6fd3053be500b7f1c69fc0d80990c2ad8dd412 done
#7 DONE 0.0s

#8 [system-deps 1/1] FROM docker.io/n8nio/base:22.21.0@sha256:1158260a12075ff54c8c6017ee050c0df279a994386ed23ba3803eb8fb8ee44b
#8 resolve docker.io/n8nio/base:22.21.0@sha256:1158260a12075ff54c8c6017ee050c0df279a994386ed23ba3803eb8fb8ee44b done
#8 DONE 0.1s

#9 [internal] load build context
#9 ...

#10 [launcher-downloader 2/2] RUN set -e;     case "linux/arm64" in         "linux/amd64") ARCH_NAME="amd64" ;;         "linux/arm64") ARCH_NAME="arm64" ;;         *) echo "Unsupported platform: linux/arm64" && exit 1 ;;     esac;     mkdir /launcher-temp && cd /launcher-temp;     wget -q "https://github.com/n8n-io/task-runner-launcher/releases/download/1.4.1/task-runner-launcher-1.4.1-linux-${ARCH_NAME}.tar.gz";     wget -q "https://github.com/n8n-io/task-runner-launcher/releases/download/1.4.1/task-runner-launcher-1.4.1-linux-${ARCH_NAME}.tar.gz.sha256";     echo "$(cat task-runner-launcher-1.4.1-linux-${ARCH_NAME}.tar.gz.sha256) task-runner-launcher-1.4.1-linux-${ARCH_NAME}.tar.gz" > checksum.sha256;     sha256sum -c checksum.sha256;     mkdir -p /launcher-bin;     tar xzf task-runner-launcher-1.4.1-linux-${ARCH_NAME}.tar.gz -C /launcher-bin;     cd / && rm -rf /launcher-temp
#10 3.366 task-runner-launcher-1.4.1-linux-arm64.tar.gz: OK
#10 DONE 4.1s

#9 [internal] load build context
#9 transferring context: 267.31MB 5.0s
#9 ...

#8 [system-deps 1/1] FROM docker.io/n8nio/base:22.21.0@sha256:1158260a12075ff54c8c6017ee050c0df279a994386ed23ba3803eb8fb8ee44b
#8 sha256:744d7a27d4c901b933ade6230e7dc19eb828550a8f3dccfe73fe91fe157c65ea 28.26MB / 28.26MB 8.0s done
#8 sha256:c712bb59ac9f218f1661be129544be352c4c1f3b385441cb58383d0248eace15 446B / 446B 0.6s done
#8 sha256:1494ccb64b72be65db13e78aad33d614e4078f672c3399db06cde39a75322619 1.26MB / 1.26MB 1.1s done
#8 sha256:a110d1eff85dcd1174fbd88a54b5dcfe3e1e9457def04b99a5c8464eb4974a8b 51.25MB / 51.25MB 6.5s done
#8 extracting sha256:a110d1eff85dcd1174fbd88a54b5dcfe3e1e9457def04b99a5c8464eb4974a8b 1.0s done
#8 extracting sha256:1494ccb64b72be65db13e78aad33d614e4078f672c3399db06cde39a75322619 0.0s done
#8 extracting sha256:c712bb59ac9f218f1661be129544be352c4c1f3b385441cb58383d0248eace15 done
#8 DONE 8.1s

#9 [internal] load build context
#9 ...

#8 [system-deps 1/1] FROM docker.io/n8nio/base:22.21.0@sha256:1158260a12075ff54c8c6017ee050c0df279a994386ed23ba3803eb8fb8ee44b
#8 extracting sha256:744d7a27d4c901b933ade6230e7dc19eb828550a8f3dccfe73fe91fe157c65ea 0.4s done
#8 DONE 8.5s

#9 [internal] load build context
#9 ...

#8 [system-deps 1/1] FROM docker.io/n8nio/base:22.21.0@sha256:1158260a12075ff54c8c6017ee050c0df279a994386ed23ba3803eb8fb8ee44b
#8 extracting sha256:4f4fb700ef54461cfa02571ae0db9a0dc1e0cdb5577484a6d75e68dc38e8acc1 0.0s done
#8 DONE 8.5s

#9 [internal] load build context
#9 ...

#11 [runtime 1/7] WORKDIR /home/node
#11 DONE 1.3s

#9 [internal] load build context
#9 transferring context: 524.69MB 10.1s
#9 transferring context: 764.24MB 12.6s done
#9 DONE 12.7s

#12 [app-artifact-processor 2/2] COPY ./compiled /app/
#12 DONE 5.0s

#13 [runtime 2/7] COPY --from=app-artifact-processor /app /usr/local/lib/node_modules/n8n
#13 DONE 4.9s

#14 [runtime 3/7] COPY --from=launcher-downloader /launcher-bin/* /usr/local/bin/
#14 DONE 0.3s

#15 [runtime 4/7] COPY docker/images/n8n/docker-entrypoint.sh /
#15 DONE 0.0s

#16 [runtime 5/7] COPY docker/images/n8n/n8n-task-runners.json /etc/n8n-task-runners.json
#16 DONE 0.0s

#17 [runtime 6/7] RUN cd /usr/local/lib/node_modules/n8n && 		npm rebuild sqlite3 && 		ln -s /usr/local/lib/node_modules/n8n/bin/n8n /usr/local/bin/n8n &&     mkdir -p /home/node/.n8n &&     chown -R node:node /home/node
#17 4.087 rebuilt dependencies successfully
#17 4.088 npm notice
#17 4.088 npm notice New major version of npm available! 10.9.4 -> 11.7.0
#17 4.088 npm notice Changelog: https://github.com/npm/cli/releases/tag/v11.7.0
#17 4.088 npm notice To update run: npm install -g npm@11.7.0
#17 4.088 npm notice
#17 DONE 4.2s

#18 [runtime 7/7] RUN cd /usr/local/lib/node_modules/n8n/node_modules/pdfjs-dist && npm install @napi-rs/canvas
#18 1.903 
#18 1.903 added 2 packages, and audited 3 packages in 2s
#18 1.903 
#18 1.903 found 0 vulnerabilities
#18 DONE 2.0s

#19 exporting to image
#19 exporting layers
#19 exporting layers 14.5s done
#19 exporting manifest sha256:8a1c637824afc2e446d6dbb68c40b845fd9031bc12185b6bb45233872ff8d211 done
#19 exporting config sha256:74054a8c69d5cc2b2285e1595d9307d7ccea8a6b856b01ace0feaee4d9fd9b5d done
#19 exporting attestation manifest sha256:efedfa7782a132966c7ed03b926867b1f112a9b774e5954d6a4684ded26c125f done
#19 exporting manifest list sha256:0fc97486dacb966948cd9da9d76e46ddef6b3b4437cf96e636af8de9c255bc24 done
#19 naming to docker.io/tha0905les/viperchat:n8n1.2 done
#19 unpacking to docker.io/tha0905les/viperchat:n8n1.2
#19 unpacking to docker.io/tha0905les/viperchat:n8n1.2 7.6s done
#19 DONE 22.2s

View build details: docker-desktop://dashboard/build/desktop-linux/desktop-linux/tef6kf5zk1hzptsqkqj8p9q41


══════════════════════════════════════════════════════
           DOCKER BUILD COMPLETE
══════════════════════════════════════════════════════
✅ Image built: tha0905les/viperchat:n8n1.2
   Platform: linux/arm64
   Size: 1.71GB
   Build time: 56s
══════════════════════════════════════════════════════
