The push refers to repository [docker.io/tha0905les/viperchat]
426046c021c8: Waiting
d27f39caaaac: Waiting
a110d1eff85d: Waiting
744d7a27d4c9: Waiting
39552374dc08: Waiting
3383735c5788: Waiting
3e4412220de4: Waiting
6b59a28fa201: Waiting
1494ccb64b72: Waiting
c712bb59ac9f: Waiting
4f4fb700ef54: Waiting
15d13159fca8: Waiting
16cb92ed9bb9: Waiting
4f4fb700ef54: Waiting
15d13159fca8: Waiting
16cb92ed9bb9: Waiting
426046c021c8: Waiting
d27f39caaaac: Waiting
a110d1eff85d: Waiting
744d7a27d4c9: Waiting
39552374dc08: Waiting
3383735c5788: Waiting
3e4412220de4: Waiting
6b59a28fa201: Waiting
1494ccb64b72: Waiting
c712bb59ac9f: Waiting
6b59a28fa201: Waiting
1494ccb64b72: Waiting
c712bb59ac9f: Waiting
4f4fb700ef54: Waiting
15d13159fca8: Waiting
16cb92ed9bb9: Waiting
426046c021c8: Waiting
d27f39caaaac: Waiting
a110d1eff85d: Waiting
744d7a27d4c9: Waiting
39552374dc08: Waiting
3383735c5788: Waiting
3e4412220de4: Waiting
426046c021c8: Waiting
d27f39caaaac: Waiting
a110d1eff85d: Waiting
744d7a27d4c9: Waiting
39552374dc08: Waiting
3383735c5788: Waiting
3e4412220de4: Waiting
6b59a28fa201: Waiting
1494ccb64b72: Waiting
c712bb59ac9f: Waiting
4f4fb700ef54: Waiting
15d13159fca8: Waiting
16cb92ed9bb9: Waiting
744d7a27d4c9: Waiting
39552374dc08: Waiting
3383735c5788: Waiting
3e4412220de4: Waiting
6b59a28fa201: Waiting
1494ccb64b72: Waiting
c712bb59ac9f: Waiting
4f4fb700ef54: Waiting
15d13159fca8: Waiting
16cb92ed9bb9: Waiting
426046c021c8: Waiting
d27f39caaaac: Waiting
a110d1eff85d: Waiting
d27f39caaaac: Waiting
a110d1eff85d: Waiting
744d7a27d4c9: Waiting
39552374dc08: Waiting
3383735c5788: Waiting
3e4412220de4: Waiting
6b59a28fa201: Waiting
1494ccb64b72: Waiting
c712bb59ac9f: Waiting
4f4fb700ef54: Waiting
15d13159fca8: Waiting
16cb92ed9bb9: Waiting
426046c021c8: Waiting
6b59a28fa201: Waiting
1494ccb64b72: Waiting
c712bb59ac9f: Waiting
4f4fb700ef54: Waiting
15d13159fca8: Waiting
16cb92ed9bb9: Waiting
426046c021c8: Waiting
d27f39caaaac: Waiting
a110d1eff85d: Waiting
744d7a27d4c9: Waiting
39552374dc08: Waiting
3383735c5788: Waiting
3e4412220de4: Waiting
39552374dc08: Waiting
3383735c5788: Waiting
3e4412220de4: Waiting
6b59a28fa201: Waiting
1494ccb64b72: Waiting
c712bb59ac9f: Waiting
4f4fb700ef54: Waiting
15d13159fca8: Waiting
16cb92ed9bb9: Waiting
426046c021c8: Waiting
d27f39caaaac: Waiting
a110d1eff85d: Waiting
744d7a27d4c9: Waiting
c712bb59ac9f: Waiting
4f4fb700ef54: Waiting
15d13159fca8: Waiting
16cb92ed9bb9: Waiting
426046c021c8: Waiting
d27f39caaaac: Waiting
a110d1eff85d: Waiting
744d7a27d4c9: Waiting
39552374dc08: Waiting
3383735c5788: Waiting
3e4412220de4: Waiting
6b59a28fa201: Waiting
1494ccb64b72: Waiting
3383735c5788: Waiting
3e4412220de4: Waiting
6b59a28fa201: Waiting
1494ccb64b72: Waiting
c712bb59ac9f: Waiting
4f4fb700ef54: Waiting
15d13159fca8: Waiting
16cb92ed9bb9: Waiting
426046c021c8: Waiting
d27f39caaaac: Waiting
a110d1eff85d: Waiting
744d7a27d4c9: Waiting
39552374dc08: Waiting
3e4412220de4: Waiting
6b59a28fa201: Waiting
1494ccb64b72: Waiting
c712bb59ac9f: Waiting
4f4fb700ef54: Waiting
15d13159fca8: Waiting
16cb92ed9bb9: Waiting
426046c021c8: Waiting
d27f39caaaac: Waiting
a110d1eff85d: Waiting
744d7a27d4c9: Waiting
39552374dc08: Waiting
3383735c5788: Waiting
15d13159fca8: Waiting
16cb92ed9bb9: Waiting
426046c021c8: Waiting
d27f39caaaac: Waiting
a110d1eff85d: Waiting
744d7a27d4c9: Waiting
39552374dc08: Waiting
3383735c5788: Waiting
3e4412220de4: Waiting
6b59a28fa201: Waiting
1494ccb64b72: Waiting
c712bb59ac9f: Waiting
4f4fb700ef54: Waiting
426046c021c8: Waiting
d27f39caaaac: Waiting
a110d1eff85d: Waiting
744d7a27d4c9: Waiting
39552374dc08: Waiting
3383735c5788: Waiting
3e4412220de4: Waiting
6b59a28fa201: Layer already exists
1494ccb64b72: Waiting
c712bb59ac9f: Waiting
4f4fb700ef54: Waiting
15d13159fca8: Waiting
16cb92ed9bb9: Waiting
4f4fb700ef54: Layer already exists
15d13159fca8: Waiting
426046c021c8: Waiting
d27f39caaaac: Waiting
a110d1eff85d: Waiting
744d7a27d4c9: Waiting
39552374dc08: Waiting
3383735c5788: Waiting
3e4412220de4: Waiting
1494ccb64b72: Waiting
c712bb59ac9f: Waiting
744d7a27d4c9: Waiting
39552374dc08: Waiting
3e4412220de4: Waiting
15d13159fca8: Waiting
d27f39caaaac: Waiting
a110d1eff85d: Waiting
c712bb59ac9f: Pushed
426046c021c8: Pushed
3383735c5788: Pushed
39552374dc08: Pushed
1494ccb64b72: Pushed
3e4412220de4: Pushed
15d13159fca8: Pushed
d27f39caaaac: Pushed
744d7a27d4c9: Pushed
a110d1eff85d: Pushed
16cb92ed9bb9: Pushed
n8n1.2: digest: sha256:0fc97486dacb966948cd9da9d76e46ddef6b3b4437cf96e636af8de9c255bc24 size: 856
