#0 building with "desktop-linux" instance using docker driver

#1 [internal] load build definition from Dockerfile
#1 transferring dockerfile: 3.29kB done
#1 DONE 0.0s

#2 [internal] load metadata for docker.io/n8nio/base:22.21.0
#2 ...

#3 [auth] n8nio/base:pull token for registry-1.docker.io
#3 DONE 0.0s

#4 [auth] library/alpine:pull token for registry-1.docker.io
#4 DONE 0.0s

#5 [internal] load metadata for docker.io/library/alpine:3.22.2
#5 DONE 2.1s

#2 [internal] load metadata for docker.io/n8nio/base:22.21.0
#2 DONE 2.4s

#6 [internal] load .dockerignore
#6 transferring context: 418B done
#6 DONE 0.0s

#7 [launcher-downloader 1/2] FROM docker.io/library/alpine:3.22.2@sha256:4b7ce07002c69e8f3d704a9c5d6fd3053be500b7f1c69fc0d80990c2ad8dd412
#7 resolve docker.io/library/alpine:3.22.2@sha256:4b7ce07002c69e8f3d704a9c5d6fd3053be500b7f1c69fc0d80990c2ad8dd412 0.0s done
#7 DONE 0.0s

#8 [system-deps 1/1] FROM docker.io/n8nio/base:22.21.0@sha256:1158260a12075ff54c8c6017ee050c0df279a994386ed23ba3803eb8fb8ee44b
#8 resolve docker.io/n8nio/base:22.21.0@sha256:1158260a12075ff54c8c6017ee050c0df279a994386ed23ba3803eb8fb8ee44b 0.0s done
#8 sha256:028e29031c085dee718c5f883a49ccb9a80509757b6b3e548e326c732756c3c9 0B / 27.40MB 0.2s
#8 sha256:eb9e06b66aaed551c8dd195ece4a1bb9a96da16cb8d4d6fc9321919008650303 0B / 450B 0.2s
#8 sha256:e910c7b62cc771efdec5776c0a1f50d1730a1c9c9acbdfb67c2de365f5e99d2e 0B / 1.26MB 0.2s
#8 sha256:9682177f5dda1fd55072217f7077e1c680daaa4e23e02a3cb1274868a8aa082e 0B / 51.55MB 0.2s
#8 sha256:028e29031c085dee718c5f883a49ccb9a80509757b6b3e548e326c732756c3c9 2.10MB / 27.40MB 0.5s
#8 sha256:eb9e06b66aaed551c8dd195ece4a1bb9a96da16cb8d4d6fc9321919008650303 450B / 450B 0.6s done
#8 sha256:028e29031c085dee718c5f883a49ccb9a80509757b6b3e548e326c732756c3c9 5.24MB / 27.40MB 0.8s
#8 sha256:028e29031c085dee718c5f883a49ccb9a80509757b6b3e548e326c732756c3c9 7.34MB / 27.40MB 0.9s
#8 sha256:e910c7b62cc771efdec5776c0a1f50d1730a1c9c9acbdfb67c2de365f5e99d2e 1.26MB / 1.26MB 1.1s done
#8 sha256:028e29031c085dee718c5f883a49ccb9a80509757b6b3e548e326c732756c3c9 9.44MB / 27.40MB 1.2s
#8 sha256:028e29031c085dee718c5f883a49ccb9a80509757b6b3e548e326c732756c3c9 11.53MB / 27.40MB 1.4s
#8 sha256:028e29031c085dee718c5f883a49ccb9a80509757b6b3e548e326c732756c3c9 14.68MB / 27.40MB 1.7s
#8 sha256:028e29031c085dee718c5f883a49ccb9a80509757b6b3e548e326c732756c3c9 16.78MB / 27.40MB 2.0s
#8 sha256:9682177f5dda1fd55072217f7077e1c680daaa4e23e02a3cb1274868a8aa082e 3.15MB / 51.55MB 2.0s
#8 sha256:028e29031c085dee718c5f883a49ccb9a80509757b6b3e548e326c732756c3c9 18.87MB / 27.40MB 2.1s
#8 sha256:028e29031c085dee718c5f883a49ccb9a80509757b6b3e548e326c732756c3c9 22.02MB / 27.40MB 2.6s
#8 sha256:028e29031c085dee718c5f883a49ccb9a80509757b6b3e548e326c732756c3c9 24.12MB / 27.40MB 2.9s
#8 sha256:9682177f5dda1fd55072217f7077e1c680daaa4e23e02a3cb1274868a8aa082e 6.29MB / 51.55MB 2.9s
#8 sha256:028e29031c085dee718c5f883a49ccb9a80509757b6b3e548e326c732756c3c9 27.40MB / 27.40MB 3.2s done
#8 sha256:9682177f5dda1fd55072217f7077e1c680daaa4e23e02a3cb1274868a8aa082e 10.49MB / 51.55MB 3.8s
#8 sha256:9682177f5dda1fd55072217f7077e1c680daaa4e23e02a3cb1274868a8aa082e 13.63MB / 51.55MB 4.4s
#8 sha256:9682177f5dda1fd55072217f7077e1c680daaa4e23e02a3cb1274868a8aa082e 17.83MB / 51.55MB 4.8s
#8 sha256:9682177f5dda1fd55072217f7077e1c680daaa4e23e02a3cb1274868a8aa082e 22.02MB / 51.55MB 5.3s
#8 ...

#9 [launcher-downloader 2/2] RUN set -e;     case "linux/amd64" in         "linux/amd64") ARCH_NAME="amd64" ;;         "linux/arm64") ARCH_NAME="arm64" ;;         *) echo "Unsupported platform: linux/amd64" && exit 1 ;;     esac;     mkdir /launcher-temp && cd /launcher-temp;     wget -q "https://github.com/n8n-io/task-runner-launcher/releases/download/1.4.1/task-runner-launcher-1.4.1-linux-${ARCH_NAME}.tar.gz";     wget -q "https://github.com/n8n-io/task-runner-launcher/releases/download/1.4.1/task-runner-launcher-1.4.1-linux-${ARCH_NAME}.tar.gz.sha256";     echo "$(cat task-runner-launcher-1.4.1-linux-${ARCH_NAME}.tar.gz.sha256) task-runner-launcher-1.4.1-linux-${ARCH_NAME}.tar.gz" > checksum.sha256;     sha256sum -c checksum.sha256;     mkdir -p /launcher-bin;     tar xzf task-runner-launcher-1.4.1-linux-${ARCH_NAME}.tar.gz -C /launcher-bin;     cd / && rm -rf /launcher-temp
#9 5.253 task-runner-launcher-1.4.1-linux-amd64.tar.gz: OK
#9 DONE 5.6s

#8 [system-deps 1/1] FROM docker.io/n8nio/base:22.21.0@sha256:1158260a12075ff54c8c6017ee050c0df279a994386ed23ba3803eb8fb8ee44b
#8 sha256:9682177f5dda1fd55072217f7077e1c680daaa4e23e02a3cb1274868a8aa082e 25.17MB / 51.55MB 5.6s
#8 ...

#10 [internal] load build context
#10 transferring context: 17.54MB 5.7s
#10 transferring context: 20.46MB 6.6s done
#10 DONE 6.7s

#11 [app-artifact-processor 2/2] COPY ./compiled /app/
#11 ...

#8 [system-deps 1/1] FROM docker.io/n8nio/base:22.21.0@sha256:1158260a12075ff54c8c6017ee050c0df279a994386ed23ba3803eb8fb8ee44b
#8 sha256:9682177f5dda1fd55072217f7077e1c680daaa4e23e02a3cb1274868a8aa082e 51.55MB / 51.55MB 7.5s done
#8 extracting sha256:9682177f5dda1fd55072217f7077e1c680daaa4e23e02a3cb1274868a8aa082e 0.6s done
#8 DONE 8.2s

#8 [system-deps 1/1] FROM docker.io/n8nio/base:22.21.0@sha256:1158260a12075ff54c8c6017ee050c0df279a994386ed23ba3803eb8fb8ee44b
#8 extracting sha256:e910c7b62cc771efdec5776c0a1f50d1730a1c9c9acbdfb67c2de365f5e99d2e 0.0s done
#8 extracting sha256:eb9e06b66aaed551c8dd195ece4a1bb9a96da16cb8d4d6fc9321919008650303 done
#8 extracting sha256:028e29031c085dee718c5f883a49ccb9a80509757b6b3e548e326c732756c3c9
#8 extracting sha256:028e29031c085dee718c5f883a49ccb9a80509757b6b3e548e326c732756c3c9 0.2s done
#8 DONE 8.5s

#11 [app-artifact-processor 2/2] COPY ./compiled /app/
#11 ...

#8 [system-deps 1/1] FROM docker.io/n8nio/base:22.21.0@sha256:1158260a12075ff54c8c6017ee050c0df279a994386ed23ba3803eb8fb8ee44b
#8 extracting sha256:4f4fb700ef54461cfa02571ae0db9a0dc1e0cdb5577484a6d75e68dc38e8acc1 done
#8 DONE 8.5s

#12 [runtime 1/7] WORKDIR /home/node
#12 DONE 1.3s

#11 [app-artifact-processor 2/2] COPY ./compiled /app/
#11 DONE 5.5s

#13 [runtime 2/7] COPY --from=app-artifact-processor /app /usr/local/lib/node_modules/n8n
#13 DONE 5.0s

#14 [runtime 3/7] COPY --from=launcher-downloader /launcher-bin/* /usr/local/bin/
#14 DONE 0.3s

#15 [runtime 4/7] COPY docker/images/n8n/docker-entrypoint.sh /
#15 DONE 0.0s

#16 [runtime 5/7] COPY docker/images/n8n/n8n-task-runners.json /etc/n8n-task-runners.json
#16 DONE 0.0s

#17 [runtime 6/7] RUN cd /usr/local/lib/node_modules/n8n && 		npm rebuild sqlite3 && 		ln -s /usr/local/lib/node_modules/n8n/bin/n8n /usr/local/bin/n8n &&     mkdir -p /home/node/.n8n &&     chown -R node:node /home/node
#17 10.36 rebuilt dependencies successfully
#17 10.36 npm notice
#17 10.36 npm notice New major version of npm available! 10.9.4 -> 11.7.0
#17 10.36 npm notice Changelog: https://github.com/npm/cli/releases/tag/v11.7.0
#17 10.36 npm notice To update run: npm install -g npm@11.7.0
#17 10.36 npm notice
#17 DONE 10.4s

#18 [runtime 7/7] RUN cd /usr/local/lib/node_modules/n8n/node_modules/pdfjs-dist && npm install @napi-rs/canvas
#18 2.887 
#18 2.887 added 2 packages, and audited 3 packages in 2s
#18 2.888 
#18 2.888 found 0 vulnerabilities
#18 DONE 3.0s

#19 exporting to image
#19 exporting layers
#19 exporting layers 14.0s done
#19 exporting manifest sha256:1dd51a7c4b672445f01ac78d685fa10fc815ab21d1ec9ec464804a62f054c27b done
#19 exporting config sha256:c2a584da161c5f40e2167d1d1d33286b3b1d6c002671b21562fe5e9cb632c44a done
#19 exporting attestation manifest sha256:8cbda7a2c9265b2b27aa5e2602300315026e17614120a85e061989c2d4a3a825 done
#19 exporting manifest list sha256:b1f29bb48140bb9d44dc2d2bd023d0ebff338e7fbc7409e0f72334f845b28969 done
#19 naming to docker.io/tha0905les/viperchat:n8n1.2 done
#19 pushing layers
#19 ...

#20 [auth] tha0905les/viperchat:pull,push token for registry-1.docker.io
#20 DONE 0.0s

#19 exporting to image
#19 pushing layers 77.2s done
#19 pushing manifest for docker.io/tha0905les/viperchat:n8n1.2@sha256:b1f29bb48140bb9d44dc2d2bd023d0ebff338e7fbc7409e0f72334f845b28969
#19 pushing manifest for docker.io/tha0905les/viperchat:n8n1.2@sha256:b1f29bb48140bb9d44dc2d2bd023d0ebff338e7fbc7409e0f72334f845b28969 3.4s done
#19 DONE 94.7s

View build details: docker-desktop://dashboard/build/desktop-linux/desktop-linux/ixpbnm40w4uccaixvqfswrlgc
